[debug] [2024-11-21T19:44:39.564Z] ----------------------------------------------------------------------
[debug] [2024-11-21T19:44:39.566Z] Command:       C:\Program Files\nodejs\node.exe C:\Program Files\nodejs\node_modules\firebase-tools\lib\bin\firebase.js emulators:start
[debug] [2024-11-21T19:44:39.567Z] CLI Version:   13.26.0
[debug] [2024-11-21T19:44:39.567Z] Platform:      win32
[debug] [2024-11-21T19:44:39.567Z] Node Version:  v18.1.0
[debug] [2024-11-21T19:44:39.568Z] Time:          Thu Nov 21 2024 14:44:39 GMT-0500 (hora estándar de Colombia)
[debug] [2024-11-21T19:44:39.569Z] ----------------------------------------------------------------------
[debug] 
[debug] [2024-11-21T19:44:39.759Z] > command requires scopes: ["email","openid","https://www.googleapis.com/auth/cloudplatformprojects.readonly","https://www.googleapis.com/auth/firebase","https://www.googleapis.com/auth/cloud-platform"]
[debug] [2024-11-21T19:44:39.759Z] > authorizing via signed-in user (sanchezgomezjuliana9@gmail.com)
[debug] [2024-11-21T19:44:39.898Z] java version "23.0.1" 2024-10-15

[debug] [2024-11-21T19:44:39.899Z] Java(TM) SE Runtime Environment (build 23.0.1+11-39)
Java HotSpot(TM) 64-Bit Server VM (build 23.0.1+11-39, mixed mode, sharing)

[debug] [2024-11-21T19:44:39.923Z] Parsed Java major version: 23
[info] i  emulators: Starting emulators: database, hosting, storage, dataconnect {"metadata":{"emulator":{"name":"hub"},"message":"Starting emulators: database, hosting, storage, dataconnect"}}
[debug] [2024-11-21T19:44:39.947Z] [logging] Logging Emulator only supports listening on one address (127.0.0.1). Not listening on ::1
[debug] [2024-11-21T19:44:39.948Z] [database] Database Emulator only supports listening on one address (127.0.0.1). Not listening on ::1
[debug] [2024-11-21T19:44:39.948Z] [hosting] Hosting Emulator only supports listening on one address (127.0.0.1). Not listening on ::1
[debug] [2024-11-21T19:44:39.948Z] [storage] Storage Emulator only supports listening on one address (127.0.0.1). Not listening on ::1
[debug] [2024-11-21T19:44:39.948Z] [dataconnect.postgres] postgres server for dataconnect only supports listening on one address (127.0.0.1). Not listening on ::1
[debug] [2024-11-21T19:44:39.949Z] assigned listening specs for emulators {"user":{"hub":[{"address":"127.0.0.1","family":"IPv4","port":4400},{"address":"::1","family":"IPv6","port":4400}],"ui":[{"address":"127.0.0.1","family":"IPv4","port":4000},{"address":"::1","family":"IPv6","port":4000}],"logging":[{"address":"127.0.0.1","family":"IPv4","port":4500}],"database":[{"address":"127.0.0.1","family":"IPv4","port":9000}],"hosting":[{"address":"127.0.0.1","family":"IPv4","port":5000}],"storage":[{"address":"127.0.0.1","family":"IPv4","port":9199}],"dataconnect":[{"address":"127.0.0.1","family":"IPv4","port":9399},{"address":"::1","family":"IPv6","port":9399}],"dataconnect.postgres":[{"address":"127.0.0.1","family":"IPv4","port":5432}]},"metadata":{"message":"assigned listening specs for emulators"}}
[debug] [2024-11-21T19:44:39.958Z] [hub] writing locator at C:\Users\Joshua\AppData\Local\Temp\hub-carelibro-ef121.json
[debug] [2024-11-21T19:44:39.964Z] Checked if tokens are valid: true, expires at: 1732220507707
[debug] [2024-11-21T19:44:39.965Z] Checked if tokens are valid: true, expires at: 1732220507707
[debug] [2024-11-21T19:44:39.966Z] >>> [apiv2][query] GET https://firebase.googleapis.com/v1beta1/projects/carelibro-ef121 [none]
[debug] [2024-11-21T19:44:41.334Z] <<< [apiv2][status] GET https://firebase.googleapis.com/v1beta1/projects/carelibro-ef121 200
[debug] [2024-11-21T19:44:41.335Z] <<< [apiv2][body] GET https://firebase.googleapis.com/v1beta1/projects/carelibro-ef121 {"projectId":"carelibro-ef121","projectNumber":"664311706518","displayName":"CareLibro","name":"projects/carelibro-ef121","resources":{"hostingSite":"carelibro-ef121","realtimeDatabaseInstance":"carelibro-ef121-default-rtdb"},"state":"ACTIVE","etag":"1_a584d835-99d3-4485-a4ac-be59ead8fdb5"}
[debug] [2024-11-21T19:44:41.337Z] database rules config:  [{"instance":"carelibro-ef121-default-rtdb","rules":"C:\\Users\\Joshua\\Desktop\\ProyectoDisenoInterfaces\\database.rules.json"}]
[info] i  database: downloading firebase-database-emulator-v4.11.2.jar... {"metadata":{"emulator":{"name":"database"},"message":"downloading firebase-database-emulator-v4.11.2.jar..."}}
[debug] [2024-11-21T19:44:41.374Z] >>> [apiv2][query] GET https://storage.googleapis.com/firebase-preview-drop/emulator/firebase-database-emulator-v4.11.2.jar 
[debug] [2024-11-21T19:44:41.926Z] <<< [apiv2][status] GET https://storage.googleapis.com/firebase-preview-drop/emulator/firebase-database-emulator-v4.11.2.jar 200
[debug] [2024-11-21T19:44:41.927Z] <<< [apiv2][body] GET https://storage.googleapis.com/firebase-preview-drop/emulator/firebase-database-emulator-v4.11.2.jar [stream]
[debug] [2024-11-21T19:44:45.217Z] Ignoring unsupported arg: projectId {"metadata":{"emulator":{"name":"database"},"message":"Ignoring unsupported arg: projectId"}}
[debug] [2024-11-21T19:44:45.217Z] Ignoring unsupported arg: auto_download {"metadata":{"emulator":{"name":"database"},"message":"Ignoring unsupported arg: auto_download"}}
[debug] [2024-11-21T19:44:45.218Z] Ignoring unsupported arg: rules {"metadata":{"emulator":{"name":"database"},"message":"Ignoring unsupported arg: rules"}}
[debug] [2024-11-21T19:44:45.218Z] Starting Database Emulator with command {"binary":"java","args":["-Duser.language=en","-jar","C:\\Users\\Joshua\\.cache\\firebase\\emulators\\firebase-database-emulator-v4.11.2.jar","--host","127.0.0.1","--port",9000,"--single_project_mode","Warning"],"optionalArgs":["port","host","functions_emulator_port","functions_emulator_host","single_project_mode"],"joinArgs":false,"shell":false,"port":9000} {"metadata":{"emulator":{"name":"database"},"message":"Starting Database Emulator with command {\"binary\":\"java\",\"args\":[\"-Duser.language=en\",\"-jar\",\"C:\\\\Users\\\\Joshua\\\\.cache\\\\firebase\\\\emulators\\\\firebase-database-emulator-v4.11.2.jar\",\"--host\",\"127.0.0.1\",\"--port\",9000,\"--single_project_mode\",\"Warning\"],\"optionalArgs\":[\"port\",\"host\",\"functions_emulator_port\",\"functions_emulator_host\",\"single_project_mode\"],\"joinArgs\":false,\"shell\":false,\"port\":9000}"}}
[info] i  database: Database Emulator logging to database-debug.log {"metadata":{"emulator":{"name":"database"},"message":"Database Emulator logging to \u001b[1mdatabase-debug.log\u001b[22m"}}
[debug] [2024-11-21T19:44:48.298Z] I1121 14:44:48.068846   22760 control.go:45] [engine.Service /emulator/ProyectoDisenoInterfaces 7d22] UpdateSchema(): done sources: schema\schema.gql [1384B] 
I1121 14:44:48.289357   22760 control.go:73] [engine.Service /emulator/ProyectoDisenoInterfaces 7d22] UpdateConnector(default): done sources: connector\mutations.gql [1163B] connector\queries.gql [1855B] 
 {"metadata":{"emulator":{"name":"dataconnect"},"message":"I1121 14:44:48.068846   22760 control.go:45] [engine.Service /emulator/ProyectoDisenoInterfaces 7d22] UpdateSchema(): done sources: schema\\schema.gql [1384B] \nI1121 14:44:48.289357   22760 control.go:73] [engine.Service /emulator/ProyectoDisenoInterfaces 7d22] UpdateConnector(default): done sources: connector\\mutations.gql [1163B] connector\\queries.gql [1855B] \n"}}
[debug] [2024-11-21T19:44:48.299Z] Ignoring unsupported arg: auto_download {"metadata":{"emulator":{"name":"dataconnect"},"message":"Ignoring unsupported arg: auto_download"}}
[debug] [2024-11-21T19:44:48.299Z] Ignoring unsupported arg: port {"metadata":{"emulator":{"name":"dataconnect"},"message":"Ignoring unsupported arg: port"}}
[debug] [2024-11-21T19:44:48.299Z] Starting Data Connect Emulator with command {"binary":"C:\\Users\\Joshua\\.cache\\firebase\\emulators\\dataconnect-emulator-1.7.3.exe","args":["--logtostderr","-v=2","dev","--listen=127.0.0.1:9399,[::1]:9399","--config_dir=C:\\Users\\Joshua\\Desktop\\ProyectoDisenoInterfaces\\dataconnect","--enable_output_schema_extensions=true","--enable_output_generated_sdk=true"],"optionalArgs":["listen","config_dir","enable_output_schema_extensions","enable_output_generated_sdk"],"joinArgs":true,"shell":false,"port":9399} {"metadata":{"emulator":{"name":"dataconnect"},"message":"Starting Data Connect Emulator with command {\"binary\":\"C:\\\\Users\\\\Joshua\\\\.cache\\\\firebase\\\\emulators\\\\dataconnect-emulator-1.7.3.exe\",\"args\":[\"--logtostderr\",\"-v=2\",\"dev\",\"--listen=127.0.0.1:9399,[::1]:9399\",\"--config_dir=C:\\\\Users\\\\Joshua\\\\Desktop\\\\ProyectoDisenoInterfaces\\\\dataconnect\",\"--enable_output_schema_extensions=true\",\"--enable_output_generated_sdk=true\"],\"optionalArgs\":[\"listen\",\"config_dir\",\"enable_output_schema_extensions\",\"enable_output_generated_sdk\"],\"joinArgs\":true,\"shell\":false,\"port\":9399}"}}
[info] i  dataconnect: Data Connect Emulator logging to dataconnect-debug.log {"metadata":{"emulator":{"name":"dataconnect"},"message":"Data Connect Emulator logging to \u001b[1mdataconnect-debug.log\u001b[22m"}}
[debug] [2024-11-21T19:44:48.449Z] I1121 14:44:48.383244   25548 load.go:37] Reloading schema and connectors...
 {"metadata":{"emulator":{"name":"dataconnect"},"message":"I1121 14:44:48.383244   25548 load.go:37] Reloading schema and connectors...\n"}}
[debug] [2024-11-21T19:44:48.569Z] I1121 14:44:48.461977   25548 control.go:45] [engine.Service /emulator/ProyectoDisenoInterfaces 063c] UpdateSchema(): done sources: schema\schema.gql [1384B] 
I1121 14:44:48.472218   25548 control.go:73] [engine.Service /emulator/ProyectoDisenoInterfaces 063c] UpdateConnector(default): done sources: connector\mutations.gql [1163B] connector\queries.gql [1855B] 
I1121 14:44:48.513773   25548 codegen.go:82] [connector "default" javascriptSdk] Generating sources into "C:\\Users\\Joshua\\Desktop\\ProyectoDisenoInterfaces\\dataconnect-generated\\js\\default-connector"
I1121 14:44:48.513773   25548 collector.go:107] schema extensions wrote into "C:\\Users\\Joshua\\Desktop\\ProyectoDisenoInterfaces\\dataconnect\\.dataconnect\\schema"
Generated sources: prelude.gql [65151B] 
I1121 14:44:48.524383   25548 collector.go:107] connector "default" javascriptSdk wrote into "C:\\Users\\Joshua\\Desktop\\ProyectoDisenoInterfaces\\dataconnect-generated\\js\\default-connector"
Generated sources: index.d.ts [264B] esm\index.esm.js [197B] esm\package.json [17B] index.cjs.js [238B] package.json [623B] 
I1121 14:44:48.536140   25548 load.go:115] Finished reloading
I1121 14:44:48.541948   25548 dev.go:95] Listening on address (HTTP + gRPC): 127.0.0.1:9399
I1121 14:44:48.543093   25548 dev.go:95] Listening on address (HTTP + gRPC): [::1]:9399
 {"metadata":{"emulator":{"name":"dataconnect"},"message":"I1121 14:44:48.461977   25548 control.go:45] [engine.Service /emulator/ProyectoDisenoInterfaces 063c] UpdateSchema(): done sources: schema\\schema.gql [1384B] \nI1121 14:44:48.472218   25548 control.go:73] [engine.Service /emulator/ProyectoDisenoInterfaces 063c] UpdateConnector(default): done sources: connector\\mutations.gql [1163B] connector\\queries.gql [1855B] \nI1121 14:44:48.513773   25548 codegen.go:82] [connector \"default\" javascriptSdk] Generating sources into \"C:\\\\Users\\\\Joshua\\\\Desktop\\\\ProyectoDisenoInterfaces\\\\dataconnect-generated\\\\js\\\\default-connector\"\nI1121 14:44:48.513773   25548 collector.go:107] schema extensions wrote into \"C:\\\\Users\\\\Joshua\\\\Desktop\\\\ProyectoDisenoInterfaces\\\\dataconnect\\\\.dataconnect\\\\schema\"\nGenerated sources: prelude.gql [65151B] \nI1121 14:44:48.524383   25548 collector.go:107] connector \"default\" javascriptSdk wrote into \"C:\\\\Users\\\\Joshua\\\\Desktop\\\\ProyectoDisenoInterfaces\\\\dataconnect-generated\\\\js\\\\default-connector\"\nGenerated sources: index.d.ts [264B] esm\\index.esm.js [197B] esm\\package.json [17B] index.cjs.js [238B] package.json [623B] \nI1121 14:44:48.536140   25548 load.go:115] Finished reloading\nI1121 14:44:48.541948   25548 dev.go:95] Listening on address (HTTP + gRPC): 127.0.0.1:9399\nI1121 14:44:48.543093   25548 dev.go:95] Listening on address (HTTP + gRPC): [::1]:9399\n"}}
[info] i  dataconnect: Started up Postgres server, listening on {"address":"127.0.0.1","family":4,"port":5432} {"metadata":{"emulator":{"name":"dataconnect"},"message":"Started up Postgres server, listening on {\"address\":\"127.0.0.1\",\"family\":4,\"port\":5432}"}}
[debug] [2024-11-21T19:44:52.810Z] [Data Connect] Connecting to postgres://127.0.0.1:5432/fdcdb?sslmode=disable}...
[debug] [2024-11-21T19:44:52.812Z] >>> [apiv2][query] POST http://127.0.0.1:9399/emulator/configure [none]
[debug] [2024-11-21T19:44:52.812Z] >>> [apiv2][body] POST http://127.0.0.1:9399/emulator/configure {"connectionString":"postgres://127.0.0.1:5432/fdcdb?sslmode=disable","database":"fdcdb","serviceId":"ProyectoDisenoInterfaces","maxOpenConnections":1}
[debug] [2024-11-21T19:44:52.871Z] Frontend message 
[debug] [2024-11-21T19:44:52.874Z] Backend message AuthenticationResponse
[debug] [2024-11-21T19:44:52.875Z] Backend message ParameterStatus
[debug] [2024-11-21T19:44:52.875Z] Backend message ReadyForQuery
[debug] [2024-11-21T19:44:52.876Z] Frontend message Query
[debug] [2024-11-21T19:44:52.878Z] Backend message EmptyQuery
[debug] [2024-11-21T19:44:52.878Z] Backend message ReadyForQuery
[debug] [2024-11-21T19:44:52.888Z] Frontend message Query
[debug] [2024-11-21T19:44:52.892Z] Backend message RowDescriptionMessage
[debug] [2024-11-21T19:44:52.894Z] Backend message DataRow
[debug] [2024-11-21T19:44:52.894Z] Backend message CommandComplete
[debug] [2024-11-21T19:44:52.894Z] Backend message ReadyForQuery
[debug] [2024-11-21T19:44:52.896Z] Frontend message Parse
[debug] [2024-11-21T19:44:52.897Z] Backend message ParseComplete
[debug] [2024-11-21T19:44:52.897Z] Frontend message Describe
[debug] [2024-11-21T19:44:52.900Z] Backend message ParameterDescriptionMessage
[debug] [2024-11-21T19:44:52.900Z] Backend message RowDescriptionMessage
[debug] [2024-11-21T19:44:52.900Z] Frontend message Sync
[debug] [2024-11-21T19:44:52.901Z] Backend message ReadyForQuery
[debug] [2024-11-21T19:44:52.902Z] Frontend message Bind
[debug] [2024-11-21T19:44:52.903Z] Backend message BindComplete
[debug] [2024-11-21T19:44:52.904Z] Frontend message Execute
[debug] [2024-11-21T19:44:52.905Z] Backend message DataRow
[debug] [2024-11-21T19:44:52.905Z] Backend message CommandComplete
[debug] [2024-11-21T19:44:52.906Z] Frontend message Sync
[debug] [2024-11-21T19:44:52.907Z] Backend message ReadyForQuery
[debug] [2024-11-21T19:44:52.908Z] Frontend message Parse
[debug] [2024-11-21T19:44:52.909Z] Backend message ParseComplete
[debug] [2024-11-21T19:44:52.909Z] Frontend message Describe
[debug] [2024-11-21T19:44:52.912Z] Backend message ParameterDescriptionMessage
[debug] [2024-11-21T19:44:52.912Z] Backend message RowDescriptionMessage
[debug] [2024-11-21T19:44:52.913Z] Frontend message Sync
[debug] [2024-11-21T19:44:52.914Z] Backend message ReadyForQuery
[debug] [2024-11-21T19:44:52.915Z] Frontend message Bind
[debug] [2024-11-21T19:44:52.917Z] Backend message BindComplete
[debug] [2024-11-21T19:44:52.917Z] Frontend message Execute
[debug] [2024-11-21T19:44:52.917Z] Backend message CommandComplete
[debug] [2024-11-21T19:44:52.918Z] Frontend message Sync
[debug] [2024-11-21T19:44:52.918Z] Backend message ReadyForQuery
[debug] [2024-11-21T19:44:52.920Z] Frontend message Parse
[debug] [2024-11-21T19:44:52.921Z] Backend message ParseComplete
[debug] [2024-11-21T19:44:52.922Z] Frontend message Describe
[debug] [2024-11-21T19:44:52.924Z] Backend message ParameterDescriptionMessage
[debug] [2024-11-21T19:44:52.925Z] Backend message RowDescriptionMessage
[debug] [2024-11-21T19:44:52.925Z] Frontend message Sync
[debug] [2024-11-21T19:44:52.925Z] Backend message ReadyForQuery
[debug] [2024-11-21T19:44:52.926Z] Frontend message Bind
[debug] [2024-11-21T19:44:52.932Z] Backend message BindComplete
[debug] [2024-11-21T19:44:52.932Z] Frontend message Execute
[debug] [2024-11-21T19:44:52.933Z] Backend message CommandComplete
[debug] [2024-11-21T19:44:52.933Z] Frontend message Sync
[debug] [2024-11-21T19:44:52.934Z] Backend message ReadyForQuery
[debug] [2024-11-21T19:44:52.936Z] Frontend message Query
[debug] [2024-11-21T19:44:52.938Z] Backend message RowDescriptionMessage
[debug] [2024-11-21T19:44:52.938Z] Backend message DataRow
[debug] [2024-11-21T19:44:52.939Z] Backend message CommandComplete
[debug] [2024-11-21T19:44:52.939Z] Backend message ReadyForQuery
[debug] [2024-11-21T19:44:52.940Z] Frontend message Parse
[debug] [2024-11-21T19:44:52.941Z] Backend message ParseComplete
[debug] [2024-11-21T19:44:52.941Z] Frontend message Describe
[debug] [2024-11-21T19:44:52.941Z] Backend message ParameterDescriptionMessage
[debug] [2024-11-21T19:44:52.942Z] Backend message RowDescriptionMessage
[debug] [2024-11-21T19:44:52.942Z] Frontend message Sync
[debug] [2024-11-21T19:44:52.942Z] Backend message ReadyForQuery
[debug] [2024-11-21T19:44:52.943Z] Frontend message Bind
[debug] [2024-11-21T19:44:52.944Z] Backend message BindComplete
[debug] [2024-11-21T19:44:52.944Z] Frontend message Execute
[debug] [2024-11-21T19:44:52.945Z] Backend message DataRow
[debug] [2024-11-21T19:44:52.945Z] Backend message CommandComplete
[debug] [2024-11-21T19:44:52.945Z] Frontend message Sync
[debug] [2024-11-21T19:44:52.946Z] Backend message ReadyForQuery
[debug] [2024-11-21T19:44:52.947Z] Frontend message Parse
[debug] [2024-11-21T19:44:52.950Z] Backend message ParseComplete
[debug] [2024-11-21T19:44:52.951Z] Frontend message Describe
[debug] [2024-11-21T19:44:52.951Z] Backend message ParameterDescriptionMessage
[debug] [2024-11-21T19:44:52.951Z] Backend message RowDescriptionMessage
[debug] [2024-11-21T19:44:52.952Z] Frontend message Sync
[debug] [2024-11-21T19:44:52.952Z] Backend message ReadyForQuery
[debug] [2024-11-21T19:44:52.953Z] Frontend message Bind
[debug] [2024-11-21T19:44:52.954Z] Backend message BindComplete
[debug] [2024-11-21T19:44:52.954Z] Frontend message Execute
[debug] [2024-11-21T19:44:52.955Z] Backend message CommandComplete
[debug] [2024-11-21T19:44:52.955Z] Frontend message Sync
[debug] [2024-11-21T19:44:52.955Z] Backend message ReadyForQuery
[debug] [2024-11-21T19:44:52.956Z] Frontend message Parse
[debug] [2024-11-21T19:44:52.957Z] Backend message ParseComplete
[debug] [2024-11-21T19:44:52.957Z] Frontend message Describe
[debug] [2024-11-21T19:44:52.958Z] Backend message ParameterDescriptionMessage
[debug] [2024-11-21T19:44:52.958Z] Backend message RowDescriptionMessage
[debug] [2024-11-21T19:44:52.958Z] Frontend message Sync
[debug] [2024-11-21T19:44:52.959Z] Backend message ReadyForQuery
[debug] [2024-11-21T19:44:52.960Z] Frontend message Bind
[debug] [2024-11-21T19:44:52.966Z] Backend message BindComplete
[debug] [2024-11-21T19:44:52.967Z] Frontend message Execute
[debug] [2024-11-21T19:44:52.967Z] Backend message CommandComplete
[debug] [2024-11-21T19:44:52.968Z] Frontend message Sync
[debug] [2024-11-21T19:44:52.968Z] Backend message ReadyForQuery
[debug] [2024-11-21T19:44:52.983Z] Frontend message Query
[debug] [2024-11-21T19:44:52.984Z] Backend message RowDescriptionMessage
[debug] [2024-11-21T19:44:52.984Z] Backend message DataRow
[debug] [2024-11-21T19:44:52.985Z] Backend message CommandComplete
[debug] [2024-11-21T19:44:52.985Z] Backend message ReadyForQuery
[debug] [2024-11-21T19:44:52.986Z] I1121 14:44:52.985247   25548 control.go:45] [engine.Service /emulator/ProyectoDisenoInterfaces 1d19] UpdateSchema(): done sources: schema\schema.gql [1384B] 
I1121 14:44:52.985247   25548 control.go:73] [engine.Service /emulator/ProyectoDisenoInterfaces 1d19] UpdateConnector(default): done sources: connector\mutations.gql [1163B] connector\queries.gql [1855B] 
 {"metadata":{"emulator":{"name":"dataconnect"},"message":"I1121 14:44:52.985247   25548 control.go:45] [engine.Service /emulator/ProyectoDisenoInterfaces 1d19] UpdateSchema(): done sources: schema\\schema.gql [1384B] \nI1121 14:44:52.985247   25548 control.go:73] [engine.Service /emulator/ProyectoDisenoInterfaces 1d19] UpdateConnector(default): done sources: connector\\mutations.gql [1163B] connector\\queries.gql [1855B] \n"}}
[debug] [2024-11-21T19:44:52.989Z] <<< [apiv2][status] POST http://127.0.0.1:9399/emulator/configure 200
[debug] [2024-11-21T19:44:52.989Z] <<< [apiv2][body] POST http://127.0.0.1:9399/emulator/configure {}
[debug] [2024-11-21T19:44:52.989Z] [Data Connect] Successfully connected to postgres://127.0.0.1:5432/fdcdb?sslmode=disable}
[info] i  storage: downloading cloud-storage-rules-runtime-v1.1.3.jar... {"metadata":{"emulator":{"name":"storage"},"message":"downloading cloud-storage-rules-runtime-v1.1.3.jar..."}}
[debug] [2024-11-21T19:44:53.008Z] >>> [apiv2][query] GET https://storage.googleapis.com/firebase-preview-drop/emulator/cloud-storage-rules-runtime-v1.1.3.jar 
[debug] [2024-11-21T19:44:53.298Z] <<< [apiv2][status] GET https://storage.googleapis.com/firebase-preview-drop/emulator/cloud-storage-rules-runtime-v1.1.3.jar 200
[debug] [2024-11-21T19:44:53.299Z] <<< [apiv2][body] GET https://storage.googleapis.com/firebase-preview-drop/emulator/cloud-storage-rules-runtime-v1.1.3.jar [stream]
[debug] [2024-11-21T19:44:56.670Z] Ignoring unsupported arg: port {"metadata":{"emulator":{"name":"storage"},"message":"Ignoring unsupported arg: port"}}
[debug] [2024-11-21T19:44:57.699Z] Temp file directory for storage emulator: C:/Users/Joshua/AppData/Local/Temp/firebase/storage/blobs {"metadata":{"emulator":{"name":"storage"},"message":"Temp file directory for storage emulator: C:/Users/Joshua/AppData/Local/Temp/firebase/storage/blobs"}}
[debug] [2024-11-21T19:44:57.723Z] Checked if tokens are valid: true, expires at: 1732220507707
[debug] [2024-11-21T19:44:57.723Z] Checked if tokens are valid: true, expires at: 1732220507707
[debug] [2024-11-21T19:44:57.725Z] >>> [apiv2][query] GET https://firebasehosting.googleapis.com/v1beta1/projects/carelibro-ef121/sites 
[debug] [2024-11-21T19:45:00.059Z] <<< [apiv2][status] GET https://firebasehosting.googleapis.com/v1beta1/projects/carelibro-ef121/sites 200
[debug] [2024-11-21T19:45:00.059Z] <<< [apiv2][body] GET https://firebasehosting.googleapis.com/v1beta1/projects/carelibro-ef121/sites {"sites":[{"name":"projects/carelibro-ef121/sites/carelibro-ef121","defaultUrl":"https://carelibro-ef121.web.app","appId":"1:664311706518:web:20bb21724336f97fe7a3b7","type":"DEFAULT_SITE"}]}
[debug] [2024-11-21T19:45:00.060Z] Checked if tokens are valid: true, expires at: 1732220507707
[debug] [2024-11-21T19:45:00.060Z] Checked if tokens are valid: true, expires at: 1732220507707
[debug] [2024-11-21T19:45:00.060Z] >>> [apiv2][query] GET https://firebase.googleapis.com/v1beta1/projects/carelibro-ef121/webApps/1:664311706518:web:20bb21724336f97fe7a3b7/config [none]
[debug] [2024-11-21T19:45:00.770Z] <<< [apiv2][status] GET https://firebase.googleapis.com/v1beta1/projects/carelibro-ef121/webApps/1:664311706518:web:20bb21724336f97fe7a3b7/config 200
[debug] [2024-11-21T19:45:00.770Z] <<< [apiv2][body] GET https://firebase.googleapis.com/v1beta1/projects/carelibro-ef121/webApps/1:664311706518:web:20bb21724336f97fe7a3b7/config {"projectId":"carelibro-ef121","appId":"1:664311706518:web:20bb21724336f97fe7a3b7","databaseURL":"https://carelibro-ef121-default-rtdb.firebaseio.com","storageBucket":"carelibro-ef121.firebasestorage.app","apiKey":"AIzaSyCPEg_hMCzZ_nnGJX96OFb2zg_7-VyaLHk","authDomain":"carelibro-ef121.firebaseapp.com","messagingSenderId":"664311706518"}
[debug] [2024-11-21T19:45:00.824Z] Checked if tokens are valid: true, expires at: 1732220507707
[debug] [2024-11-21T19:45:00.824Z] Checked if tokens are valid: true, expires at: 1732220507707
[debug] [2024-11-21T19:45:00.825Z] >>> [apiv2][query] GET https://firebase.googleapis.com/v1beta1/projects/carelibro-ef121 [none]
[debug] [2024-11-21T19:45:01.183Z] <<< [apiv2][status] GET https://firebase.googleapis.com/v1beta1/projects/carelibro-ef121 200
[debug] [2024-11-21T19:45:01.183Z] <<< [apiv2][body] GET https://firebase.googleapis.com/v1beta1/projects/carelibro-ef121 {"projectId":"carelibro-ef121","projectNumber":"664311706518","displayName":"CareLibro","name":"projects/carelibro-ef121","resources":{"hostingSite":"carelibro-ef121","realtimeDatabaseInstance":"carelibro-ef121-default-rtdb"},"state":"ACTIVE","etag":"1_a584d835-99d3-4485-a4ac-be59ead8fdb5"}
[info] i  hosting[carelibro-ef121]: Serving hosting files from: public {"metadata":{"emulator":{"name":"hosting"},"message":"Serving hosting files from: \u001b[1mpublic\u001b[22m"}}
[info] +  hosting[carelibro-ef121]: Local server: http://127.0.0.1:5000 {"metadata":{"emulator":{"name":"hosting"},"message":"Local server: \u001b[4m\u001b[1mhttp://127.0.0.1:5000\u001b[22m\u001b[24m"}}
[info] i  ui: downloading ui-v1.14.0.zip... {"metadata":{"emulator":{"name":"ui"},"message":"downloading ui-v1.14.0.zip..."}}
[debug] [2024-11-21T19:45:01.437Z] >>> [apiv2][query] GET https://storage.googleapis.com/firebase-preview-drop/emulator/ui-v1.14.0.zip 
[debug] [2024-11-21T19:45:01.737Z] <<< [apiv2][status] GET https://storage.googleapis.com/firebase-preview-drop/emulator/ui-v1.14.0.zip 200
[debug] [2024-11-21T19:45:01.737Z] <<< [apiv2][body] GET https://storage.googleapis.com/firebase-preview-drop/emulator/ui-v1.14.0.zip [stream]
[debug] [2024-11-21T19:45:02.641Z] Data is 3615311
[debug] [2024-11-21T19:45:02.641Z] [unzip] Entry: client/ (compressed_size=0 bytes, uncompressed_size=0 bytes)
[debug] [2024-11-21T19:45:02.642Z] [unzip] Processing entry: client\
[debug] [2024-11-21T19:45:02.642Z] [unzip] mkdir: C:\Users\Joshua\.cache\firebase\emulators\ui-v1.14.0\client\
[debug] [2024-11-21T19:45:02.647Z] [unzip] Entry: client/favicon-16x16.png (compressed_size=293 bytes, uncompressed_size=293 bytes)
[debug] [2024-11-21T19:45:02.647Z] [unzip] Processing entry: client\favicon-16x16.png
[debug] [2024-11-21T19:45:02.647Z] [unzip] else mkdir: C:\Users\Joshua\.cache\firebase\emulators\ui-v1.14.0\client
[debug] [2024-11-21T19:45:02.648Z] [unzip] Writing file: C:\Users\Joshua\.cache\firebase\emulators\ui-v1.14.0\client\favicon-16x16.png
[debug] [2024-11-21T19:45:02.652Z] [unzip] Entry: client/safari-pinned-tab.svg (compressed_size=1433 bytes, uncompressed_size=2611 bytes)
[debug] [2024-11-21T19:45:02.653Z] [unzip] Processing entry: client\safari-pinned-tab.svg
[debug] [2024-11-21T19:45:02.653Z] [unzip] else mkdir: C:\Users\Joshua\.cache\firebase\emulators\ui-v1.14.0\client
[debug] [2024-11-21T19:45:02.654Z] [unzip] deflating: C:\Users\Joshua\.cache\firebase\emulators\ui-v1.14.0\client\safari-pinned-tab.svg
[debug] [2024-11-21T19:45:02.671Z] [unzip] Entry: client/favicon.ico (compressed_size=2933 bytes, uncompressed_size=13294 bytes)
[debug] [2024-11-21T19:45:02.671Z] [unzip] Processing entry: client\favicon.ico
[debug] [2024-11-21T19:45:02.671Z] [unzip] else mkdir: C:\Users\Joshua\.cache\firebase\emulators\ui-v1.14.0\client
[debug] [2024-11-21T19:45:02.674Z] [unzip] deflating: C:\Users\Joshua\.cache\firebase\emulators\ui-v1.14.0\client\favicon.ico
[debug] [2024-11-21T19:45:02.679Z] [unzip] Entry: client/index.html (compressed_size=1363 bytes, uncompressed_size=3071 bytes)
[debug] [2024-11-21T19:45:02.679Z] [unzip] Processing entry: client\index.html
[debug] [2024-11-21T19:45:02.679Z] [unzip] else mkdir: C:\Users\Joshua\.cache\firebase\emulators\ui-v1.14.0\client
[debug] [2024-11-21T19:45:02.681Z] [unzip] deflating: C:\Users\Joshua\.cache\firebase\emulators\ui-v1.14.0\client\index.html
[debug] [2024-11-21T19:45:02.689Z] [unzip] Entry: client/android-chrome-192x192.png (compressed_size=2684 bytes, uncompressed_size=2684 bytes)
[debug] [2024-11-21T19:45:02.689Z] [unzip] Processing entry: client\android-chrome-192x192.png
[debug] [2024-11-21T19:45:02.689Z] [unzip] else mkdir: C:\Users\Joshua\.cache\firebase\emulators\ui-v1.14.0\client
[debug] [2024-11-21T19:45:02.691Z] [unzip] Writing file: C:\Users\Joshua\.cache\firebase\emulators\ui-v1.14.0\client\android-chrome-192x192.png
[debug] [2024-11-21T19:45:02.694Z] [unzip] Entry: client/apple-touch-icon.png (compressed_size=2123 bytes, uncompressed_size=2152 bytes)
[debug] [2024-11-21T19:45:02.694Z] [unzip] Processing entry: client\apple-touch-icon.png
[debug] [2024-11-21T19:45:02.695Z] [unzip] else mkdir: C:\Users\Joshua\.cache\firebase\emulators\ui-v1.14.0\client
[debug] [2024-11-21T19:45:02.697Z] [unzip] deflating: C:\Users\Joshua\.cache\firebase\emulators\ui-v1.14.0\client\apple-touch-icon.png
[debug] [2024-11-21T19:45:02.703Z] [unzip] Entry: client/android-chrome-512x512.png (compressed_size=5369 bytes, uncompressed_size=5411 bytes)
[debug] [2024-11-21T19:45:02.704Z] [unzip] Processing entry: client\android-chrome-512x512.png
[debug] [2024-11-21T19:45:02.704Z] [unzip] else mkdir: C:\Users\Joshua\.cache\firebase\emulators\ui-v1.14.0\client
[debug] [2024-11-21T19:45:02.706Z] [unzip] deflating: C:\Users\Joshua\.cache\firebase\emulators\ui-v1.14.0\client\android-chrome-512x512.png
[debug] [2024-11-21T19:45:02.715Z] [unzip] Entry: client/manifest.json (compressed_size=245 bytes, uncompressed_size=551 bytes)
[debug] [2024-11-21T19:45:02.715Z] [unzip] Processing entry: client\manifest.json
[debug] [2024-11-21T19:45:02.716Z] [unzip] else mkdir: C:\Users\Joshua\.cache\firebase\emulators\ui-v1.14.0\client
[debug] [2024-11-21T19:45:02.718Z] [unzip] deflating: C:\Users\Joshua\.cache\firebase\emulators\ui-v1.14.0\client\manifest.json
[debug] [2024-11-21T19:45:02.724Z] [unzip] Entry: client/robots.txt (compressed_size=26 bytes, uncompressed_size=26 bytes)
[debug] [2024-11-21T19:45:02.725Z] [unzip] Processing entry: client\robots.txt
[debug] [2024-11-21T19:45:02.725Z] [unzip] else mkdir: C:\Users\Joshua\.cache\firebase\emulators\ui-v1.14.0\client
[debug] [2024-11-21T19:45:02.726Z] [unzip] Writing file: C:\Users\Joshua\.cache\firebase\emulators\ui-v1.14.0\client\robots.txt
[debug] [2024-11-21T19:45:02.750Z] [unzip] Entry: client/mstile-150x150.png (compressed_size=2034 bytes, uncompressed_size=2034 bytes)
[debug] [2024-11-21T19:45:02.751Z] [unzip] Processing entry: client\mstile-150x150.png
[debug] [2024-11-21T19:45:02.751Z] [unzip] else mkdir: C:\Users\Joshua\.cache\firebase\emulators\ui-v1.14.0\client
[debug] [2024-11-21T19:45:02.753Z] [unzip] Writing file: C:\Users\Joshua\.cache\firebase\emulators\ui-v1.14.0\client\mstile-150x150.png
[debug] [2024-11-21T19:45:02.756Z] [unzip] Entry: client/assets/ (compressed_size=0 bytes, uncompressed_size=0 bytes)
[debug] [2024-11-21T19:45:02.757Z] [unzip] Processing entry: client\assets\
[debug] [2024-11-21T19:45:02.757Z] [unzip] mkdir: C:\Users\Joshua\.cache\firebase\emulators\ui-v1.14.0\client\assets\
[debug] [2024-11-21T19:45:02.758Z] [unzip] Entry: client/assets/index-ClZTY_JS.js.map (compressed_size=2328270 bytes, uncompressed_size=9947004 bytes)
[debug] [2024-11-21T19:45:02.759Z] [unzip] Processing entry: client\assets\index-ClZTY_JS.js.map
[debug] [2024-11-21T19:45:02.759Z] [unzip] else mkdir: C:\Users\Joshua\.cache\firebase\emulators\ui-v1.14.0\client\assets
[debug] [2024-11-21T19:45:02.760Z] [unzip] deflating: C:\Users\Joshua\.cache\firebase\emulators\ui-v1.14.0\client\assets\index-ClZTY_JS.js.map
[debug] [2024-11-21T19:45:02.966Z] [unzip] Entry: client/assets/index-ClZTY_JS.js (compressed_size=567195 bytes, uncompressed_size=2035940 bytes)
[debug] [2024-11-21T19:45:02.967Z] [unzip] Processing entry: client\assets\index-ClZTY_JS.js
[debug] [2024-11-21T19:45:02.967Z] [unzip] else mkdir: C:\Users\Joshua\.cache\firebase\emulators\ui-v1.14.0\client\assets
[debug] [2024-11-21T19:45:02.968Z] [unzip] deflating: C:\Users\Joshua\.cache\firebase\emulators\ui-v1.14.0\client\assets\index-ClZTY_JS.js
[debug] [2024-11-21T19:45:03.008Z] [unzip] Entry: client/assets/index-BdgySamB.css (compressed_size=35979 bytes, uncompressed_size=298654 bytes)
[debug] [2024-11-21T19:45:03.008Z] [unzip] Processing entry: client\assets\index-BdgySamB.css
[debug] [2024-11-21T19:45:03.009Z] [unzip] else mkdir: C:\Users\Joshua\.cache\firebase\emulators\ui-v1.14.0\client\assets
[debug] [2024-11-21T19:45:03.011Z] [unzip] deflating: C:\Users\Joshua\.cache\firebase\emulators\ui-v1.14.0\client\assets\index-BdgySamB.css
[debug] [2024-11-21T19:45:03.054Z] [unzip] Entry: client/assets/extensions/ (compressed_size=0 bytes, uncompressed_size=0 bytes)
[debug] [2024-11-21T19:45:03.054Z] [unzip] Processing entry: client\assets\extensions\
[debug] [2024-11-21T19:45:03.055Z] [unzip] mkdir: C:\Users\Joshua\.cache\firebase\emulators\ui-v1.14.0\client\assets\extensions\
[debug] [2024-11-21T19:45:03.055Z] [unzip] Entry: client/assets/extensions/default-extension.png (compressed_size=1646 bytes, uncompressed_size=1657 bytes)
[debug] [2024-11-21T19:45:03.055Z] [unzip] Processing entry: client\assets\extensions\default-extension.png
[debug] [2024-11-21T19:45:03.055Z] [unzip] else mkdir: C:\Users\Joshua\.cache\firebase\emulators\ui-v1.14.0\client\assets\extensions
[debug] [2024-11-21T19:45:03.056Z] [unzip] deflating: C:\Users\Joshua\.cache\firebase\emulators\ui-v1.14.0\client\assets\extensions\default-extension.png
[debug] [2024-11-21T19:45:03.058Z] [unzip] Entry: client/assets/img/ (compressed_size=0 bytes, uncompressed_size=0 bytes)
[debug] [2024-11-21T19:45:03.058Z] [unzip] Processing entry: client\assets\img\
[debug] [2024-11-21T19:45:03.058Z] [unzip] mkdir: C:\Users\Joshua\.cache\firebase\emulators\ui-v1.14.0\client\assets\img\
[debug] [2024-11-21T19:45:03.059Z] [unzip] Entry: client/assets/img/database.png (compressed_size=29449 bytes, uncompressed_size=29988 bytes)
[debug] [2024-11-21T19:45:03.059Z] [unzip] Processing entry: client\assets\img\database.png
[debug] [2024-11-21T19:45:03.059Z] [unzip] else mkdir: C:\Users\Joshua\.cache\firebase\emulators\ui-v1.14.0\client\assets\img
[debug] [2024-11-21T19:45:03.060Z] [unzip] deflating: C:\Users\Joshua\.cache\firebase\emulators\ui-v1.14.0\client\assets\img\database.png
[debug] [2024-11-21T19:45:03.062Z] [unzip] Entry: client/assets/provider-icons/ (compressed_size=0 bytes, uncompressed_size=0 bytes)
[debug] [2024-11-21T19:45:03.062Z] [unzip] Processing entry: client\assets\provider-icons\
[debug] [2024-11-21T19:45:03.063Z] [unzip] mkdir: C:\Users\Joshua\.cache\firebase\emulators\ui-v1.14.0\client\assets\provider-icons\
[debug] [2024-11-21T19:45:03.063Z] [unzip] Entry: client/assets/provider-icons/auth_service_saml.svg (compressed_size=575 bytes, uncompressed_size=1226 bytes)
[debug] [2024-11-21T19:45:03.063Z] [unzip] Processing entry: client\assets\provider-icons\auth_service_saml.svg
[debug] [2024-11-21T19:45:03.063Z] [unzip] else mkdir: C:\Users\Joshua\.cache\firebase\emulators\ui-v1.14.0\client\assets\provider-icons
[debug] [2024-11-21T19:45:03.064Z] [unzip] deflating: C:\Users\Joshua\.cache\firebase\emulators\ui-v1.14.0\client\assets\provider-icons\auth_service_saml.svg
[debug] [2024-11-21T19:45:03.065Z] [unzip] Entry: client/assets/provider-icons/auth_service_phone.svg (compressed_size=261 bytes, uncompressed_size=414 bytes)
[debug] [2024-11-21T19:45:03.066Z] [unzip] Processing entry: client\assets\provider-icons\auth_service_phone.svg
[debug] [2024-11-21T19:45:03.066Z] [unzip] else mkdir: C:\Users\Joshua\.cache\firebase\emulators\ui-v1.14.0\client\assets\provider-icons
[debug] [2024-11-21T19:45:03.066Z] [unzip] deflating: C:\Users\Joshua\.cache\firebase\emulators\ui-v1.14.0\client\assets\provider-icons\auth_service_phone.svg
[debug] [2024-11-21T19:45:03.068Z] [unzip] Entry: client/assets/provider-icons/auth_service_facebook.svg (compressed_size=289 bytes, uncompressed_size=457 bytes)
[debug] [2024-11-21T19:45:03.068Z] [unzip] Processing entry: client\assets\provider-icons\auth_service_facebook.svg
[debug] [2024-11-21T19:45:03.068Z] [unzip] else mkdir: C:\Users\Joshua\.cache\firebase\emulators\ui-v1.14.0\client\assets\provider-icons
[debug] [2024-11-21T19:45:03.068Z] [unzip] deflating: C:\Users\Joshua\.cache\firebase\emulators\ui-v1.14.0\client\assets\provider-icons\auth_service_facebook.svg
[debug] [2024-11-21T19:45:03.071Z] [unzip] Entry: client/assets/provider-icons/auth_service_game_center.svg (compressed_size=991 bytes, uncompressed_size=3921 bytes)
[debug] [2024-11-21T19:45:03.071Z] [unzip] Processing entry: client\assets\provider-icons\auth_service_game_center.svg
[debug] [2024-11-21T19:45:03.071Z] [unzip] else mkdir: C:\Users\Joshua\.cache\firebase\emulators\ui-v1.14.0\client\assets\provider-icons
[debug] [2024-11-21T19:45:03.072Z] [unzip] deflating: C:\Users\Joshua\.cache\firebase\emulators\ui-v1.14.0\client\assets\provider-icons\auth_service_game_center.svg
[debug] [2024-11-21T19:45:03.073Z] [unzip] Entry: client/assets/provider-icons/auth_service_apple.svg (compressed_size=230 bytes, uncompressed_size=334 bytes)
[debug] [2024-11-21T19:45:03.074Z] [unzip] Processing entry: client\assets\provider-icons\auth_service_apple.svg
[debug] [2024-11-21T19:45:03.074Z] [unzip] else mkdir: C:\Users\Joshua\.cache\firebase\emulators\ui-v1.14.0\client\assets\provider-icons
[debug] [2024-11-21T19:45:03.074Z] [unzip] deflating: C:\Users\Joshua\.cache\firebase\emulators\ui-v1.14.0\client\assets\provider-icons\auth_service_apple.svg
[debug] [2024-11-21T19:45:03.076Z] [unzip] Entry: client/assets/provider-icons/auth_service_github.svg (compressed_size=466 bytes, uncompressed_size=838 bytes)
[debug] [2024-11-21T19:45:03.076Z] [unzip] Processing entry: client\assets\provider-icons\auth_service_github.svg
[debug] [2024-11-21T19:45:03.076Z] [unzip] else mkdir: C:\Users\Joshua\.cache\firebase\emulators\ui-v1.14.0\client\assets\provider-icons
[debug] [2024-11-21T19:45:03.077Z] [unzip] deflating: C:\Users\Joshua\.cache\firebase\emulators\ui-v1.14.0\client\assets\provider-icons\auth_service_github.svg
[debug] [2024-11-21T19:45:03.078Z] [unzip] Entry: client/assets/provider-icons/auth_service_mslive.svg (compressed_size=203 bytes, uncompressed_size=378 bytes)
[debug] [2024-11-21T19:45:03.078Z] [unzip] Processing entry: client\assets\provider-icons\auth_service_mslive.svg
[debug] [2024-11-21T19:45:03.078Z] [unzip] else mkdir: C:\Users\Joshua\.cache\firebase\emulators\ui-v1.14.0\client\assets\provider-icons
[debug] [2024-11-21T19:45:03.079Z] [unzip] deflating: C:\Users\Joshua\.cache\firebase\emulators\ui-v1.14.0\client\assets\provider-icons\auth_service_mslive.svg
[debug] [2024-11-21T19:45:03.080Z] [unzip] Entry: client/assets/provider-icons/auth_service_yahoo.svg (compressed_size=577 bytes, uncompressed_size=1182 bytes)
[debug] [2024-11-21T19:45:03.081Z] [unzip] Processing entry: client\assets\provider-icons\auth_service_yahoo.svg
[debug] [2024-11-21T19:45:03.081Z] [unzip] else mkdir: C:\Users\Joshua\.cache\firebase\emulators\ui-v1.14.0\client\assets\provider-icons
[debug] [2024-11-21T19:45:03.081Z] [unzip] deflating: C:\Users\Joshua\.cache\firebase\emulators\ui-v1.14.0\client\assets\provider-icons\auth_service_yahoo.svg
[debug] [2024-11-21T19:45:03.083Z] [unzip] Entry: client/assets/provider-icons/auth_service_twitter.svg (compressed_size=444 bytes, uncompressed_size=751 bytes)
[debug] [2024-11-21T19:45:03.083Z] [unzip] Processing entry: client\assets\provider-icons\auth_service_twitter.svg
[debug] [2024-11-21T19:45:03.083Z] [unzip] else mkdir: C:\Users\Joshua\.cache\firebase\emulators\ui-v1.14.0\client\assets\provider-icons
[debug] [2024-11-21T19:45:03.084Z] [unzip] deflating: C:\Users\Joshua\.cache\firebase\emulators\ui-v1.14.0\client\assets\provider-icons\auth_service_twitter.svg
[debug] [2024-11-21T19:45:03.085Z] [unzip] Entry: client/assets/provider-icons/auth_service_play_games.svg (compressed_size=565 bytes, uncompressed_size=1173 bytes)
[debug] [2024-11-21T19:45:03.085Z] [unzip] Processing entry: client\assets\provider-icons\auth_service_play_games.svg
[debug] [2024-11-21T19:45:03.085Z] [unzip] else mkdir: C:\Users\Joshua\.cache\firebase\emulators\ui-v1.14.0\client\assets\provider-icons
[debug] [2024-11-21T19:45:03.085Z] [unzip] deflating: C:\Users\Joshua\.cache\firebase\emulators\ui-v1.14.0\client\assets\provider-icons\auth_service_play_games.svg
[debug] [2024-11-21T19:45:03.087Z] [unzip] Entry: client/assets/provider-icons/auth_service_email.svg (compressed_size=228 bytes, uncompressed_size=326 bytes)
[debug] [2024-11-21T19:45:03.087Z] [unzip] Processing entry: client\assets\provider-icons\auth_service_email.svg
[debug] [2024-11-21T19:45:03.087Z] [unzip] else mkdir: C:\Users\Joshua\.cache\firebase\emulators\ui-v1.14.0\client\assets\provider-icons
[debug] [2024-11-21T19:45:03.088Z] [unzip] deflating: C:\Users\Joshua\.cache\firebase\emulators\ui-v1.14.0\client\assets\provider-icons\auth_service_email.svg
[debug] [2024-11-21T19:45:03.090Z] [unzip] Entry: client/assets/provider-icons/auth_service_google.svg (compressed_size=409 bytes, uncompressed_size=720 bytes)
[debug] [2024-11-21T19:45:03.090Z] [unzip] Processing entry: client\assets\provider-icons\auth_service_google.svg
[debug] [2024-11-21T19:45:03.090Z] [unzip] else mkdir: C:\Users\Joshua\.cache\firebase\emulators\ui-v1.14.0\client\assets\provider-icons
[debug] [2024-11-21T19:45:03.091Z] [unzip] deflating: C:\Users\Joshua\.cache\firebase\emulators\ui-v1.14.0\client\assets\provider-icons\auth_service_google.svg
[debug] [2024-11-21T19:45:03.093Z] [unzip] Entry: client/assets/provider-icons/auth_service_oidc.svg (compressed_size=414 bytes, uncompressed_size=858 bytes)
[debug] [2024-11-21T19:45:03.093Z] [unzip] Processing entry: client\assets\provider-icons\auth_service_oidc.svg
[debug] [2024-11-21T19:45:03.093Z] [unzip] else mkdir: C:\Users\Joshua\.cache\firebase\emulators\ui-v1.14.0\client\assets\provider-icons
[debug] [2024-11-21T19:45:03.094Z] [unzip] deflating: C:\Users\Joshua\.cache\firebase\emulators\ui-v1.14.0\client\assets\provider-icons\auth_service_oidc.svg
[debug] [2024-11-21T19:45:03.095Z] [unzip] Entry: client/browserconfig.xml (compressed_size=491 bytes, uncompressed_size=822 bytes)
[debug] [2024-11-21T19:45:03.095Z] [unzip] Processing entry: client\browserconfig.xml
[debug] [2024-11-21T19:45:03.095Z] [unzip] else mkdir: C:\Users\Joshua\.cache\firebase\emulators\ui-v1.14.0\client
[debug] [2024-11-21T19:45:03.096Z] [unzip] deflating: C:\Users\Joshua\.cache\firebase\emulators\ui-v1.14.0\client\browserconfig.xml
[debug] [2024-11-21T19:45:03.098Z] [unzip] Entry: client/favicon-32x32.png (compressed_size=475 bytes, uncompressed_size=475 bytes)
[debug] [2024-11-21T19:45:03.098Z] [unzip] Processing entry: client\favicon-32x32.png
[debug] [2024-11-21T19:45:03.099Z] [unzip] else mkdir: C:\Users\Joshua\.cache\firebase\emulators\ui-v1.14.0\client
[debug] [2024-11-21T19:45:03.099Z] [unzip] Writing file: C:\Users\Joshua\.cache\firebase\emulators\ui-v1.14.0\client\favicon-32x32.png
[debug] [2024-11-21T19:45:03.100Z] [unzip] Entry: server/ (compressed_size=0 bytes, uncompressed_size=0 bytes)
[debug] [2024-11-21T19:45:03.100Z] [unzip] Processing entry: server\
[debug] [2024-11-21T19:45:03.100Z] [unzip] mkdir: C:\Users\Joshua\.cache\firebase\emulators\ui-v1.14.0\server\
[debug] [2024-11-21T19:45:03.101Z] [unzip] Entry: server/server.mjs.map (compressed_size=296496 bytes, uncompressed_size=1355667 bytes)
[debug] [2024-11-21T19:45:03.101Z] [unzip] Processing entry: server\server.mjs.map
[debug] [2024-11-21T19:45:03.101Z] [unzip] else mkdir: C:\Users\Joshua\.cache\firebase\emulators\ui-v1.14.0\server
[debug] [2024-11-21T19:45:03.102Z] [unzip] deflating: C:\Users\Joshua\.cache\firebase\emulators\ui-v1.14.0\server\server.mjs.map
[debug] [2024-11-21T19:45:03.113Z] [unzip] Entry: server/server.mjs (compressed_size=315701 bytes, uncompressed_size=1172682 bytes)
[debug] [2024-11-21T19:45:03.113Z] [unzip] Processing entry: server\server.mjs
[debug] [2024-11-21T19:45:03.113Z] [unzip] else mkdir: C:\Users\Joshua\.cache\firebase\emulators\ui-v1.14.0\server
[debug] [2024-11-21T19:45:03.114Z] [unzip] deflating: C:\Users\Joshua\.cache\firebase\emulators\ui-v1.14.0\server\server.mjs
[debug] [2024-11-21T19:45:03.122Z] [unzip] Entry: server/assets/ (compressed_size=0 bytes, uncompressed_size=0 bytes)
[debug] [2024-11-21T19:45:03.122Z] [unzip] Processing entry: server\assets\
[debug] [2024-11-21T19:45:03.122Z] [unzip] mkdir: C:\Users\Joshua\.cache\firebase\emulators\ui-v1.14.0\server\assets\
[debug] [2024-11-21T19:45:03.123Z] [unzip] Entry: server/assets/multipart-parser-DGCUZdXu.mjs.map (compressed_size=4791 bytes, uncompressed_size=17918 bytes)
[debug] [2024-11-21T19:45:03.123Z] [unzip] Processing entry: server\assets\multipart-parser-DGCUZdXu.mjs.map
[debug] [2024-11-21T19:45:03.123Z] [unzip] else mkdir: C:\Users\Joshua\.cache\firebase\emulators\ui-v1.14.0\server\assets
[debug] [2024-11-21T19:45:03.123Z] [unzip] deflating: C:\Users\Joshua\.cache\firebase\emulators\ui-v1.14.0\server\assets\multipart-parser-DGCUZdXu.mjs.map
[debug] [2024-11-21T19:45:03.124Z] [unzip] Entry: server/assets/multipart-parser-DGCUZdXu.mjs (compressed_size=2621 bytes, uncompressed_size=10390 bytes)
[debug] [2024-11-21T19:45:03.124Z] [unzip] Processing entry: server\assets\multipart-parser-DGCUZdXu.mjs
[debug] [2024-11-21T19:45:03.124Z] [unzip] else mkdir: C:\Users\Joshua\.cache\firebase\emulators\ui-v1.14.0\server\assets
[debug] [2024-11-21T19:45:03.125Z] [unzip] deflating: C:\Users\Joshua\.cache\firebase\emulators\ui-v1.14.0\server\assets\multipart-parser-DGCUZdXu.mjs
[debug] [2024-11-21T19:45:03.130Z] >>> [apiv2][query] PUT http://127.0.0.1:9000/.settings/rules.json ns=carelibro-ef121-default-rtdb
[debug] [2024-11-21T19:45:03.130Z] >>> [apiv2][body] PUT http://127.0.0.1:9000/.settings/rules.json "{\n  /* Visit https://firebase.google.com/docs/database/security to learn more about security rules. */\n  \"rules\": {\n    \".read\": false,\n    \".write\": false\n  }\n}"
[debug] [2024-11-21T19:45:03.610Z] <<< [apiv2][status] PUT http://127.0.0.1:9000/.settings/rules.json 200
[debug] [2024-11-21T19:45:03.611Z] <<< [apiv2][body] PUT http://127.0.0.1:9000/.settings/rules.json {"status":"ok"}
[debug] [2024-11-21T19:45:03.612Z] >>> [apiv2][query] GET http://127.0.0.1:9399/emulator/info [none]
[debug] [2024-11-21T19:45:03.650Z] <<< [apiv2][status] GET http://127.0.0.1:9399/emulator/info 200
[debug] [2024-11-21T19:45:03.650Z] <<< [apiv2][body] GET http://127.0.0.1:9399/emulator/info {"version":"","services":[{"serviceId":"ProyectoDisenoInterfaces","connectionString":"dbname='fdcdb' host='127.0.0.1' port='5432' sslmode='disable' dbname='fdcdb'"}]}
[debug] [2024-11-21T19:45:03.662Z] Could not find VSCode notification endpoint: FetchError: request to http://localhost:40001/vscode/notify failed, reason: connect ECONNREFUSED ::1:40001. If you are not running the Firebase Data Connect VSCode extension, this is expected and not an issue.
[info] 
┌─────────────────────────────────────────────────────────────┐
│ ✔  All emulators ready! It is now safe to connect your app. │
│ i  View Emulator UI at http://127.0.0.1:4000/               │
└─────────────────────────────────────────────────────────────┘

┌──────────────┬────────────────┬────────────────────────────────┐
│ Emulator     │ Host:Port      │ View in Emulator UI            │
├──────────────┼────────────────┼────────────────────────────────┤
│ Database     │ 127.0.0.1:9000 │ http://127.0.0.1:4000/database │
├──────────────┼────────────────┼────────────────────────────────┤
│ Hosting      │ 127.0.0.1:5000 │ n/a                            │
├──────────────┼────────────────┼────────────────────────────────┤
│ Storage      │ 127.0.0.1:9199 │ http://127.0.0.1:4000/storage  │
├──────────────┼────────────────┼────────────────────────────────┤
│ Data Connect │ 127.0.0.1:9399 │ n/a                            │
└──────────────┴────────────────┴────────────────────────────────┘
  Emulator Hub running at 127.0.0.1:4400
  Other reserved ports: 4500

Issues? Report them at https://github.com/firebase/firebase-tools/issues and attach the *-debug.log files.
 
[info] i  hosting: 127.0.0.1 - - [21/Nov/2024:19:47:05 +0000] "GET / HTTP/1.1" 200 - "http://127.0.0.1:4000/" "Mozilla/5.0 (Windows NT 10.0; Win64; x64) AppleWebKit/537.36 (KHTML, like Gecko) Chrome/130.0.0.0 Safari/537.36 Edg/130.0.0.0" {"metadata":{"emulator":{"name":"hosting"},"message":"127.0.0.1 - - [21/Nov/2024:19:47:05 +0000] \"GET / HTTP/1.1\" 200 - \"http://127.0.0.1:4000/\" \"Mozilla/5.0 (Windows NT 10.0; Win64; x64) AppleWebKit/537.36 (KHTML, like Gecko) Chrome/130.0.0.0 Safari/537.36 Edg/130.0.0.0\""}}
[debug] [2024-11-21T19:47:05.854Z] >>> [apiv2][query] GET https://www.gstatic.com/firebasejs/11.0.2/firebase-app-compat.js [none]
[debug] [2024-11-21T19:47:05.867Z] >>> [apiv2][query] GET https://www.gstatic.com/firebasejs/11.0.2/firebase-auth-compat.js [none]
[debug] [2024-11-21T19:47:05.888Z] >>> [apiv2][query] GET https://www.gstatic.com/firebasejs/11.0.2/firebase-database-compat.js [none]
[debug] [2024-11-21T19:47:05.896Z] >>> [apiv2][query] GET https://www.gstatic.com/firebasejs/11.0.2/firebase-firestore-compat.js [none]
[debug] [2024-11-21T19:47:05.903Z] >>> [apiv2][query] GET https://www.gstatic.com/firebasejs/11.0.2/firebase-functions-compat.js [none]
[debug] [2024-11-21T19:47:05.909Z] >>> [apiv2][query] GET https://www.gstatic.com/firebasejs/11.0.2/firebase-messaging-compat.js [none]
[debug] [2024-11-21T19:47:06.327Z] <<< [apiv2][status] GET https://www.gstatic.com/firebasejs/11.0.2/firebase-database-compat.js 200
[debug] [2024-11-21T19:47:06.327Z] <<< [apiv2][body] GET https://www.gstatic.com/firebasejs/11.0.2/firebase-database-compat.js [stream]
[debug] [2024-11-21T19:47:06.384Z] <<< [apiv2][status] GET https://www.gstatic.com/firebasejs/11.0.2/firebase-messaging-compat.js 200
[debug] [2024-11-21T19:47:06.385Z] <<< [apiv2][body] GET https://www.gstatic.com/firebasejs/11.0.2/firebase-messaging-compat.js [stream]
[info] i  hosting: 127.0.0.1 - - [21/Nov/2024:19:47:06 +0000] "GET /__/firebase/11.0.2/firebase-messaging-compat.js HTTP/1.1" 200 9922 "http://127.0.0.1:5000/" "Mozilla/5.0 (Windows NT 10.0; Win64; x64) AppleWebKit/537.36 (KHTML, like Gecko) Chrome/130.0.0.0 Safari/537.36 Edg/130.0.0.0" {"metadata":{"emulator":{"name":"hosting"},"message":"127.0.0.1 - - [21/Nov/2024:19:47:06 +0000] \"GET /__/firebase/11.0.2/firebase-messaging-compat.js HTTP/1.1\" 200 9922 \"http://127.0.0.1:5000/\" \"Mozilla/5.0 (Windows NT 10.0; Win64; x64) AppleWebKit/537.36 (KHTML, like Gecko) Chrome/130.0.0.0 Safari/537.36 Edg/130.0.0.0\""}}
[debug] [2024-11-21T19:47:06.392Z] >>> [apiv2][query] GET https://www.gstatic.com/firebasejs/11.0.2/firebase-storage-compat.js [none]
[debug] [2024-11-21T19:47:06.402Z] <<< [apiv2][status] GET https://www.gstatic.com/firebasejs/11.0.2/firebase-app-compat.js 200
[debug] [2024-11-21T19:47:06.402Z] <<< [apiv2][body] GET https://www.gstatic.com/firebasejs/11.0.2/firebase-app-compat.js [stream]
[info] i  hosting: 127.0.0.1 - - [21/Nov/2024:19:47:06 +0000] "GET /__/firebase/11.0.2/firebase-app-compat.js HTTP/1.1" 200 10060 "http://127.0.0.1:5000/" "Mozilla/5.0 (Windows NT 10.0; Win64; x64) AppleWebKit/537.36 (KHTML, like Gecko) Chrome/130.0.0.0 Safari/537.36 Edg/130.0.0.0" {"metadata":{"emulator":{"name":"hosting"},"message":"127.0.0.1 - - [21/Nov/2024:19:47:06 +0000] \"GET /__/firebase/11.0.2/firebase-app-compat.js HTTP/1.1\" 200 10060 \"http://127.0.0.1:5000/\" \"Mozilla/5.0 (Windows NT 10.0; Win64; x64) AppleWebKit/537.36 (KHTML, like Gecko) Chrome/130.0.0.0 Safari/537.36 Edg/130.0.0.0\""}}
[debug] [2024-11-21T19:47:06.409Z] >>> [apiv2][query] GET https://www.gstatic.com/firebasejs/11.0.2/firebase-analytics-compat.js [none]
[info] i  hosting: 127.0.0.1 - - [21/Nov/2024:19:47:06 +0000] "GET /__/firebase/11.0.2/firebase-database-compat.js HTTP/1.1" 200 48030 "http://127.0.0.1:5000/" "Mozilla/5.0 (Windows NT 10.0; Win64; x64) AppleWebKit/537.36 (KHTML, like Gecko) Chrome/130.0.0.0 Safari/537.36 Edg/130.0.0.0" {"metadata":{"emulator":{"name":"hosting"},"message":"127.0.0.1 - - [21/Nov/2024:19:47:06 +0000] \"GET /__/firebase/11.0.2/firebase-database-compat.js HTTP/1.1\" 200 48030 \"http://127.0.0.1:5000/\" \"Mozilla/5.0 (Windows NT 10.0; Win64; x64) AppleWebKit/537.36 (KHTML, like Gecko) Chrome/130.0.0.0 Safari/537.36 Edg/130.0.0.0\""}}
[debug] [2024-11-21T19:47:06.430Z] >>> [apiv2][query] GET https://www.gstatic.com/firebasejs/11.0.2/firebase-remote-config-compat.js [none]
[debug] [2024-11-21T19:47:06.469Z] <<< [apiv2][status] GET https://www.gstatic.com/firebasejs/11.0.2/firebase-auth-compat.js 200
[debug] [2024-11-21T19:47:06.469Z] <<< [apiv2][body] GET https://www.gstatic.com/firebasejs/11.0.2/firebase-auth-compat.js [stream]
[debug] [2024-11-21T19:47:06.570Z] <<< [apiv2][status] GET https://www.gstatic.com/firebasejs/11.0.2/firebase-firestore-compat.js 200
[debug] [2024-11-21T19:47:06.571Z] <<< [apiv2][body] GET https://www.gstatic.com/firebasejs/11.0.2/firebase-firestore-compat.js [stream]
[info] i  hosting: 127.0.0.1 - - [21/Nov/2024:19:47:06 +0000] "GET /__/firebase/11.0.2/firebase-auth-compat.js HTTP/1.1" 200 40587 "http://127.0.0.1:5000/" "Mozilla/5.0 (Windows NT 10.0; Win64; x64) AppleWebKit/537.36 (KHTML, like Gecko) Chrome/130.0.0.0 Safari/537.36 Edg/130.0.0.0" {"metadata":{"emulator":{"name":"hosting"},"message":"127.0.0.1 - - [21/Nov/2024:19:47:06 +0000] \"GET /__/firebase/11.0.2/firebase-auth-compat.js HTTP/1.1\" 200 40587 \"http://127.0.0.1:5000/\" \"Mozilla/5.0 (Windows NT 10.0; Win64; x64) AppleWebKit/537.36 (KHTML, like Gecko) Chrome/130.0.0.0 Safari/537.36 Edg/130.0.0.0\""}}
[info] i  hosting: 127.0.0.1 - - [21/Nov/2024:19:47:06 +0000] "GET /__/firebase/init.js?useEmulator=true HTTP/1.1" 200 - "http://127.0.0.1:5000/" "Mozilla/5.0 (Windows NT 10.0; Win64; x64) AppleWebKit/537.36 (KHTML, like Gecko) Chrome/130.0.0.0 Safari/537.36 Edg/130.0.0.0" {"metadata":{"emulator":{"name":"hosting"},"message":"127.0.0.1 - - [21/Nov/2024:19:47:06 +0000] \"GET /__/firebase/init.js?useEmulator=true HTTP/1.1\" 200 - \"http://127.0.0.1:5000/\" \"Mozilla/5.0 (Windows NT 10.0; Win64; x64) AppleWebKit/537.36 (KHTML, like Gecko) Chrome/130.0.0.0 Safari/537.36 Edg/130.0.0.0\""}}
[debug] [2024-11-21T19:47:06.616Z] <<< [apiv2][status] GET https://www.gstatic.com/firebasejs/11.0.2/firebase-storage-compat.js 200
[debug] [2024-11-21T19:47:06.616Z] <<< [apiv2][body] GET https://www.gstatic.com/firebasejs/11.0.2/firebase-storage-compat.js [stream]
[debug] [2024-11-21T19:47:06.669Z] <<< [apiv2][status] GET https://www.gstatic.com/firebasejs/11.0.2/firebase-functions-compat.js 200
[debug] [2024-11-21T19:47:06.669Z] <<< [apiv2][body] GET https://www.gstatic.com/firebasejs/11.0.2/firebase-functions-compat.js [stream]
[info] i  hosting: 127.0.0.1 - - [21/Nov/2024:19:47:06 +0000] "GET /__/firebase/11.0.2/firebase-functions-compat.js HTTP/1.1" 200 3254 "http://127.0.0.1:5000/" "Mozilla/5.0 (Windows NT 10.0; Win64; x64) AppleWebKit/537.36 (KHTML, like Gecko) Chrome/130.0.0.0 Safari/537.36 Edg/130.0.0.0" {"metadata":{"emulator":{"name":"hosting"},"message":"127.0.0.1 - - [21/Nov/2024:19:47:06 +0000] \"GET /__/firebase/11.0.2/firebase-functions-compat.js HTTP/1.1\" 200 3254 \"http://127.0.0.1:5000/\" \"Mozilla/5.0 (Windows NT 10.0; Win64; x64) AppleWebKit/537.36 (KHTML, like Gecko) Chrome/130.0.0.0 Safari/537.36 Edg/130.0.0.0\""}}
[info] i  hosting: 127.0.0.1 - - [21/Nov/2024:19:47:06 +0000] "GET /__/firebase/11.0.2/firebase-storage-compat.js HTTP/1.1" 200 12993 "http://127.0.0.1:5000/" "Mozilla/5.0 (Windows NT 10.0; Win64; x64) AppleWebKit/537.36 (KHTML, like Gecko) Chrome/130.0.0.0 Safari/537.36 Edg/130.0.0.0" {"metadata":{"emulator":{"name":"hosting"},"message":"127.0.0.1 - - [21/Nov/2024:19:47:06 +0000] \"GET /__/firebase/11.0.2/firebase-storage-compat.js HTTP/1.1\" 200 12993 \"http://127.0.0.1:5000/\" \"Mozilla/5.0 (Windows NT 10.0; Win64; x64) AppleWebKit/537.36 (KHTML, like Gecko) Chrome/130.0.0.0 Safari/537.36 Edg/130.0.0.0\""}}
[debug] [2024-11-21T19:47:06.688Z] <<< [apiv2][status] GET https://www.gstatic.com/firebasejs/11.0.2/firebase-analytics-compat.js 200
[debug] [2024-11-21T19:47:06.689Z] <<< [apiv2][body] GET https://www.gstatic.com/firebasejs/11.0.2/firebase-analytics-compat.js [stream]
[info] i  hosting: 127.0.0.1 - - [21/Nov/2024:19:47:06 +0000] "GET /__/firebase/11.0.2/firebase-analytics-compat.js HTTP/1.1" 200 9219 "http://127.0.0.1:5000/" "Mozilla/5.0 (Windows NT 10.0; Win64; x64) AppleWebKit/537.36 (KHTML, like Gecko) Chrome/130.0.0.0 Safari/537.36 Edg/130.0.0.0" {"metadata":{"emulator":{"name":"hosting"},"message":"127.0.0.1 - - [21/Nov/2024:19:47:06 +0000] \"GET /__/firebase/11.0.2/firebase-analytics-compat.js HTTP/1.1\" 200 9219 \"http://127.0.0.1:5000/\" \"Mozilla/5.0 (Windows NT 10.0; Win64; x64) AppleWebKit/537.36 (KHTML, like Gecko) Chrome/130.0.0.0 Safari/537.36 Edg/130.0.0.0\""}}
[info] i  hosting: 127.0.0.1 - - [21/Nov/2024:19:47:06 +0000] "GET /__/firebase/11.0.2/firebase-firestore-compat.js HTTP/1.1" 200 102436 "http://127.0.0.1:5000/" "Mozilla/5.0 (Windows NT 10.0; Win64; x64) AppleWebKit/537.36 (KHTML, like Gecko) Chrome/130.0.0.0 Safari/537.36 Edg/130.0.0.0" {"metadata":{"emulator":{"name":"hosting"},"message":"127.0.0.1 - - [21/Nov/2024:19:47:06 +0000] \"GET /__/firebase/11.0.2/firebase-firestore-compat.js HTTP/1.1\" 200 102436 \"http://127.0.0.1:5000/\" \"Mozilla/5.0 (Windows NT 10.0; Win64; x64) AppleWebKit/537.36 (KHTML, like Gecko) Chrome/130.0.0.0 Safari/537.36 Edg/130.0.0.0\""}}
[debug] [2024-11-21T19:47:06.927Z] <<< [apiv2][status] GET https://www.gstatic.com/firebasejs/11.0.2/firebase-remote-config-compat.js 200
[debug] [2024-11-21T19:47:06.927Z] <<< [apiv2][body] GET https://www.gstatic.com/firebasejs/11.0.2/firebase-remote-config-compat.js [stream]
[info] i  hosting: 127.0.0.1 - - [21/Nov/2024:19:47:06 +0000] "GET /__/firebase/11.0.2/firebase-remote-config-compat.js HTTP/1.1" 200 8819 "http://127.0.0.1:5000/" "Mozilla/5.0 (Windows NT 10.0; Win64; x64) AppleWebKit/537.36 (KHTML, like Gecko) Chrome/130.0.0.0 Safari/537.36 Edg/130.0.0.0" {"metadata":{"emulator":{"name":"hosting"},"message":"127.0.0.1 - - [21/Nov/2024:19:47:06 +0000] \"GET /__/firebase/11.0.2/firebase-remote-config-compat.js HTTP/1.1\" 200 8819 \"http://127.0.0.1:5000/\" \"Mozilla/5.0 (Windows NT 10.0; Win64; x64) AppleWebKit/537.36 (KHTML, like Gecko) Chrome/130.0.0.0 Safari/537.36 Edg/130.0.0.0\""}}
[info] i  hosting: 127.0.0.1 - - [21/Nov/2024:19:47:07 +0000] "GET /favicon.ico HTTP/1.1" 200 - "http://127.0.0.1:5000/" "Mozilla/5.0 (Windows NT 10.0; Win64; x64) AppleWebKit/537.36 (KHTML, like Gecko) Chrome/130.0.0.0 Safari/537.36 Edg/130.0.0.0" {"metadata":{"emulator":{"name":"hosting"},"message":"127.0.0.1 - - [21/Nov/2024:19:47:07 +0000] \"GET /favicon.ico HTTP/1.1\" 200 - \"http://127.0.0.1:5000/\" \"Mozilla/5.0 (Windows NT 10.0; Win64; x64) AppleWebKit/537.36 (KHTML, like Gecko) Chrome/130.0.0.0 Safari/537.36 Edg/130.0.0.0\""}}
[info] i  hosting: 127.0.0.1 - - [21/Nov/2024:19:47:11 +0000] "GET /__/firebase/init.js?useEmulator=true HTTP/1.1" 200 - "http://127.0.0.1:5000/" "Mozilla/5.0 (Windows NT 10.0; Win64; x64) AppleWebKit/537.36 (KHTML, like Gecko) Chrome/130.0.0.0 Safari/537.36 Edg/130.0.0.0" {"metadata":{"emulator":{"name":"hosting"},"message":"127.0.0.1 - - [21/Nov/2024:19:47:11 +0000] \"GET /__/firebase/init.js?useEmulator=true HTTP/1.1\" 200 - \"http://127.0.0.1:5000/\" \"Mozilla/5.0 (Windows NT 10.0; Win64; x64) AppleWebKit/537.36 (KHTML, like Gecko) Chrome/130.0.0.0 Safari/537.36 Edg/130.0.0.0\""}}
